[debug] [2022-05-16T19:01:19.415Z] ----------------------------------------------------------------------
[debug] [2022-05-16T19:01:19.416Z] Command:       /home/ruben/.nvm/versions/node/v17.5.0/bin/node /home/ruben/.nvm/versions/node/v17.5.0/bin/firebase emulators:start --import=./db-local-data --export-on-exit=./db-local-data
[debug] [2022-05-16T19:01:19.417Z] CLI Version:   10.6.0
[debug] [2022-05-16T19:01:19.417Z] Platform:      linux
[debug] [2022-05-16T19:01:19.417Z] Node Version:  v17.5.0
[debug] [2022-05-16T19:01:19.422Z] Time:          Mon May 16 2022 20:01:19 GMT+0100 (British Summer Time)
[debug] [2022-05-16T19:01:19.422Z] ----------------------------------------------------------------------
[debug] 
[debug] [2022-05-16T19:01:19.475Z] > command requires scopes: ["email","openid","https://www.googleapis.com/auth/cloudplatformprojects.readonly","https://www.googleapis.com/auth/firebase","https://www.googleapis.com/auth/cloud-platform"]
[debug] [2022-05-16T19:01:19.476Z] > authorizing via signed-in user (a.ruben00001@gmail.com)
[debug] [2022-05-16T19:01:19.657Z] openjdk version "18.0.1" 2022-04-19
OpenJDK Runtime Environment Temurin-18.0.1+10 (build 18.0.1+10)
OpenJDK 64-Bit Server VM Temurin-18.0.1+10 (build 18.0.1+10, mixed mode, sharing)

[debug] [2022-05-16T19:01:19.680Z] Parsed Java major version: 18
[info] i  emulators: Starting emulators: auth, functions, firestore, storage {"metadata":{"emulator":{"name":"hub"},"message":"Starting emulators: auth, functions, firestore, storage"}}
[debug] [2022-05-16T19:01:19.691Z] [hub] writing locator at /tmp/hub-asatic-c24e4.json
[warn] ⚠  functions: The following emulators are not running, calls to these services from the Functions emulator will affect production: database, hosting, pubsub {"metadata":{"emulator":{"name":"functions"},"message":"The following emulators are not running, calls to these services from the Functions emulator will affect production: \u001b[1mdatabase, hosting, pubsub\u001b[22m"}}
[warn] ⚠  Your requested "node" version "16" doesn't match your global version "17". Using node@17 from host. {"metadata":{"emulator":{"name":"functions"},"message":"Your requested \"node\" version \"16\" doesn't match your global version \"17\". Using node@17 from host."}}
[debug] [2022-05-16T19:01:19.705Z] defaultcredentials: writing to file /home/ruben/.config/firebase/a_ruben00001_gmail.com_application_default_credentials.json
[debug] [2022-05-16T19:01:19.706Z] Setting GAC to /home/ruben/.config/firebase/a_ruben00001_gmail.com_application_default_credentials.json {"metadata":{"emulator":{"name":"functions"},"message":"Setting GAC to /home/ruben/.config/firebase/a_ruben00001_gmail.com_application_default_credentials.json"}}
[debug] [2022-05-16T19:01:19.707Z] > refreshing access token with scopes: []
[debug] [2022-05-16T19:01:19.708Z] >>> HTTP REQUEST POST https://www.googleapis.com/oauth2/v3/token  
 <request body omitted>
[debug] [2022-05-16T19:01:19.860Z] <<< HTTP RESPONSE 200 {"pragma":"no-cache","cache-control":"no-cache, no-store, max-age=0, must-revalidate","expires":"Mon, 01 Jan 1990 00:00:00 GMT","date":"Mon, 16 May 2022 18:01:19 GMT","content-type":"application/json; charset=utf-8","vary":"X-Origin, Referer, Origin,Accept-Encoding","server":"scaffolding on HTTPServer2","x-xss-protection":"0","x-frame-options":"SAMEORIGIN","x-content-type-options":"nosniff","alt-svc":"h3=\":443\"; ma=2592000,h3-29=\":443\"; ma=2592000,h3-Q050=\":443\"; ma=2592000,h3-Q046=\":443\"; ma=2592000,h3-Q043=\":443\"; ma=2592000,quic=\":443\"; ma=2592000; v=\"46,43\"","accept-ranges":"none","transfer-encoding":"chunked"}
[debug] [2022-05-16T19:01:19.867Z] >>> [apiv2][query] GET https://firebase.googleapis.com/v1beta1/projects/asatic-c24e4/adminSdkConfig [none]
[debug] [2022-05-16T19:01:20.300Z] <<< [apiv2][status] GET https://firebase.googleapis.com/v1beta1/projects/asatic-c24e4/adminSdkConfig 200
[debug] [2022-05-16T19:01:20.300Z] <<< [apiv2][body] GET https://firebase.googleapis.com/v1beta1/projects/asatic-c24e4/adminSdkConfig {"projectId":"asatic-c24e4","storageBucket":"asatic-c24e4.appspot.com","locationId":"europe-west"}
[info] i  firestore: Importing data from /home/ruben/Coding/website-builds/asatic/cms-2/db-local-data/firestore_export/firestore_export.overall_export_metadata {"metadata":{"emulator":{"name":"firestore"},"message":"Importing data from /home/ruben/Coding/website-builds/asatic/cms-2/db-local-data/firestore_export/firestore_export.overall_export_metadata"}}
[debug] [2022-05-16T19:01:20.319Z] Ignoring unsupported arg: projectId {"metadata":{"emulator":{"name":"firestore"},"message":"Ignoring unsupported arg: projectId"}}
[debug] [2022-05-16T19:01:20.319Z] Ignoring unsupported arg: auto_download {"metadata":{"emulator":{"name":"firestore"},"message":"Ignoring unsupported arg: auto_download"}}
[debug] [2022-05-16T19:01:20.319Z] Starting Firestore Emulator with command {"binary":"java","args":["-Dgoogle.cloud_firestore.debug_log_level=FINE","-Duser.language=en","-jar","/home/ruben/.cache/firebase/emulators/cloud-firestore-emulator-v1.14.1.jar","--host","127.0.0.1","--port",8080,"--seed_from_export","/home/ruben/Coding/website-builds/asatic/cms-2/db-local-data/firestore_export/firestore_export.overall_export_metadata","--rules","/home/ruben/Coding/website-builds/asatic/cms-2/firestore.rules","--functions_emulator","localhost:5001"],"optionalArgs":["port","webchannel_port","host","rules","functions_emulator","seed_from_export"],"joinArgs":false} {"metadata":{"emulator":{"name":"firestore"},"message":"Starting Firestore Emulator with command {\"binary\":\"java\",\"args\":[\"-Dgoogle.cloud_firestore.debug_log_level=FINE\",\"-Duser.language=en\",\"-jar\",\"/home/ruben/.cache/firebase/emulators/cloud-firestore-emulator-v1.14.1.jar\",\"--host\",\"127.0.0.1\",\"--port\",8080,\"--seed_from_export\",\"/home/ruben/Coding/website-builds/asatic/cms-2/db-local-data/firestore_export/firestore_export.overall_export_metadata\",\"--rules\",\"/home/ruben/Coding/website-builds/asatic/cms-2/firestore.rules\",\"--functions_emulator\",\"localhost:5001\"],\"optionalArgs\":[\"port\",\"webchannel_port\",\"host\",\"rules\",\"functions_emulator\",\"seed_from_export\"],\"joinArgs\":false}"}}
[info] i  firestore: Firestore Emulator logging to firestore-debug.log {"metadata":{"emulator":{"name":"firestore"},"message":"Firestore Emulator logging to \u001b[1mfirestore-debug.log\u001b[22m"}}
[debug] [2022-05-16T19:01:21.435Z] May 16, 2022 8:01:21 PM com.google.cloud.datastore.emulator.firestore.websocket.WebSocketServer start
INFO: Started WebSocket server on ws://127.0.0.1:38349
 {"metadata":{"emulator":{"name":"firestore"},"message":"May 16, 2022 8:01:21 PM com.google.cloud.datastore.emulator.firestore.websocket.WebSocketServer start\nINFO: Started WebSocket server on ws://127.0.0.1:38349\n"}}
[debug] [2022-05-16T19:01:21.458Z] API endpoint: http:// {"metadata":{"emulator":{"name":"firestore"},"message":"API endpoint: http://"}}
[debug] [2022-05-16T19:01:21.459Z] 127.0.0.1:8080
If you are using a library that supports the FIRESTORE_EMULATOR_HOST environment variable, run:

   export FIRESTORE_EMULATOR_HOST=127.0.0.1:8080

Dev App Server is now running.

 {"metadata":{"emulator":{"name":"firestore"},"message":"127.0.0.1:8080\nIf you are using a library that supports the FIRESTORE_EMULATOR_HOST environment variable, run:\n\n   export FIRESTORE_EMULATOR_HOST=127.0.0.1:8080\n\nDev App Server is now running.\n\n"}}
[info] i  auth: Importing config from /home/ruben/Coding/website-builds/asatic/cms-2/db-local-data/auth_export/config.json {"metadata":{"emulator":{"name":"database"},"message":"Importing config from /home/ruben/Coding/website-builds/asatic/cms-2/db-local-data/auth_export/config.json"}}
[info] i  auth: Importing accounts from /home/ruben/Coding/website-builds/asatic/cms-2/db-local-data/auth_export/accounts.json {"metadata":{"emulator":{"name":"database"},"message":"Importing accounts from /home/ruben/Coding/website-builds/asatic/cms-2/db-local-data/auth_export/accounts.json"}}
[debug] [2022-05-16T19:01:29.044Z] Ignoring unsupported arg: port {"metadata":{"emulator":{"name":"storage"},"message":"Ignoring unsupported arg: port"}}
[debug] [2022-05-16T19:01:29.761Z] Temp file directory for storage emulator: /tmp/firebase/storage/blobs {"metadata":{"emulator":{"name":"storage"},"message":"Temp file directory for storage emulator: /tmp/firebase/storage/blobs"}}
[debug] [2022-05-16T19:01:29.768Z] Ignoring unsupported arg: auto_download {"metadata":{"emulator":{"name":"ui"},"message":"Ignoring unsupported arg: auto_download"}}
[debug] [2022-05-16T19:01:29.768Z] Ignoring unsupported arg: port {"metadata":{"emulator":{"name":"ui"},"message":"Ignoring unsupported arg: port"}}
[debug] [2022-05-16T19:01:29.768Z] Starting Emulator UI with command {"binary":"node","args":["/home/ruben/.cache/firebase/emulators/ui-v1.6.5/server.bundle.js"],"optionalArgs":[],"joinArgs":false} {"metadata":{"emulator":{"name":"ui"},"message":"Starting Emulator UI with command {\"binary\":\"node\",\"args\":[\"/home/ruben/.cache/firebase/emulators/ui-v1.6.5/server.bundle.js\"],\"optionalArgs\":[],\"joinArgs\":false}"}}
[info] i  ui: Emulator UI logging to ui-debug.log {"metadata":{"emulator":{"name":"ui"},"message":"Emulator UI logging to \u001b[1mui-debug.log\u001b[22m"}}
[debug] [2022-05-16T19:01:29.869Z] Web / API server started at 127.0.0.1:4000
 {"metadata":{"emulator":{"name":"ui"},"message":"Web / API server started at 127.0.0.1:4000\n"}}
[info] i  functions: Watching "/home/ruben/Coding/website-builds/asatic/cms-2/functions" for Cloud Functions... {"metadata":{"emulator":{"name":"functions"},"message":"Watching \"/home/ruben/Coding/website-builds/asatic/cms-2/functions\" for Cloud Functions..."}}
[debug] [2022-05-16T19:01:30.041Z] Validating nodejs source
[warn] ⚠  functions: package.json indicates an outdated version of firebase-functions. Please upgrade using npm install --save firebase-functions@latest in your functions directory. 
[debug] [2022-05-16T19:01:31.589Z] > [functions] package.json contents: {
  "name": "functions",
  "description": "Cloud Functions for Firebase",
  "scripts": {
    "serve": "firebase emulators:start --only functions",
    "shell": "firebase functions:shell",
    "start": "npm run shell",
    "deploy": "firebase deploy --only functions",
    "logs": "firebase functions:log"
  },
  "engines": {
    "node": "16"
  },
  "main": "index.js",
  "dependencies": {
    "firebase-admin": "^9.8.0",
    "firebase-functions": "^3.14.1"
  },
  "devDependencies": {
    "firebase-functions-test": "^0.2.0"
  },
  "private": true
}
[debug] [2022-05-16T19:01:31.590Z] Building nodejs source
[debug] [2022-05-16T19:01:31.590Z] Analyzing nodejs backend spec
[info] 
┌─────────────────────────────────────────────────────────────┐
│ ✔  All emulators ready! It is now safe to connect your app. │
│ i  View Emulator UI at http://127.0.0.1:4000                │
└─────────────────────────────────────────────────────────────┘

┌────────────────┬────────────────┬─────────────────────────────────┐
│ Emulator       │ Host:Port      │ View in Emulator UI             │
├────────────────┼────────────────┼─────────────────────────────────┤
│ Authentication │ 127.0.0.1:9099 │ http://127.0.0.1:4000/auth      │
├────────────────┼────────────────┼─────────────────────────────────┤
│ Functions      │ localhost:5001 │ http://127.0.0.1:4000/functions │
├────────────────┼────────────────┼─────────────────────────────────┤
│ Firestore      │ 127.0.0.1:8080 │ http://127.0.0.1:4000/firestore │
├────────────────┼────────────────┼─────────────────────────────────┤
│ Storage        │ 127.0.0.1:9199 │ http://127.0.0.1:4000/storage   │
└────────────────┴────────────────┴─────────────────────────────────┘
  Emulator Hub running at localhost:4400
  Other reserved ports: 4500

Issues? Report them at https://github.com/firebase/firebase-tools/issues and attach the *-debug.log files.
 
[debug] [2022-05-16T19:02:55.034Z] May 16, 2022 8:02:55 PM io.gapi.emulators.netty.HttpVersionRoutingHandler channelRead
INFO: Detected non-HTTP/2 connection.
 {"metadata":{"emulator":{"name":"firestore"},"message":"May 16, 2022 8:02:55 PM io.gapi.emulators.netty.HttpVersionRoutingHandler channelRead\nINFO: Detected non-HTTP/2 connection.\n"}}
[debug] [2022-05-16T19:02:55.035Z] May 16, 2022 8:02:55 PM io.gapi.emulators.netty.HttpVersionRoutingHandler channelRead
INFO: Detected non-HTTP/2 connection.
 {"metadata":{"emulator":{"name":"firestore"},"message":"May 16, 2022 8:02:55 PM io.gapi.emulators.netty.HttpVersionRoutingHandler channelRead\nINFO: Detected non-HTTP/2 connection.\n"}}
[debug] [2022-05-16T19:02:55.043Z] May 16, 2022 8:02:55 PM io.gapi.emulators.netty.HttpVersionRoutingHandler channelRead
INFO: Detected non-HTTP/2 connection.
 {"metadata":{"emulator":{"name":"firestore"},"message":"May 16, 2022 8:02:55 PM io.gapi.emulators.netty.HttpVersionRoutingHandler channelRead\nINFO: Detected non-HTTP/2 connection.\n"}}
[debug] [2022-05-16T19:02:55.224Z] May 16, 2022 8:02:55 PM io.gapi.emulators.netty.HttpVersionRoutingHandler channelRead
INFO: Detected HTTP/2 connection.
 {"metadata":{"emulator":{"name":"firestore"},"message":"May 16, 2022 8:02:55 PM io.gapi.emulators.netty.HttpVersionRoutingHandler channelRead\nINFO: Detected HTTP/2 connection.\n"}}
